<?xml version="1.0" encoding="UTF-8"?>
<testsuite xmlns:xsi="http://www.w3.org/2001/XMLSchema-instance" xsi:noNamespaceSchemaLocation="https://maven.apache.org/surefire/maven-surefire-plugin/xsd/surefire-test-report-3.0.xsd" version="3.0" name="LibroTest" time="0.007" tests="2" errors="0" skipped="0" failures="0">
  <properties>
    <property name="java.specification.version" value="21"/>
    <property name="sun.jnu.encoding" value="UTF-8"/>
    <property name="java.class.path" value="/home/vector/TP3/target/test-classes:/home/vector/TP3/target/classes:/home/vector/.m2/repository/org/junit/jupiter/junit-jupiter-api/5.11.0-M1/junit-jupiter-api-5.11.0-M1.jar:/home/vector/.m2/repository/org/opentest4j/opentest4j/1.3.0/opentest4j-1.3.0.jar:/home/vector/.m2/repository/org/junit/platform/junit-platform-commons/1.11.0-M1/junit-platform-commons-1.11.0-M1.jar:/home/vector/.m2/repository/org/apiguardian/apiguardian-api/1.1.2/apiguardian-api-1.1.2.jar:/home/vector/.m2/repository/org/junit/jupiter/junit-jupiter-engine/5.11.0-M1/junit-jupiter-engine-5.11.0-M1.jar:/home/vector/.m2/repository/org/junit/platform/junit-platform-engine/1.11.0-M1/junit-platform-engine-1.11.0-M1.jar:/home/vector/.m2/repository/org/projectlombok/lombok/1.18.30/lombok-1.18.30.jar:"/>
    <property name="java.vm.vendor" value="Eclipse Adoptium"/>
    <property name="sun.arch.data.model" value="64"/>
    <property name="java.vendor.url" value="https://adoptium.net/"/>
    <property name="os.name" value="Linux"/>
    <property name="java.vm.specification.version" value="21"/>
    <property name="sun.java.launcher" value="SUN_STANDARD"/>
    <property name="sun.boot.library.path" value="/home/vector/.sdkman/candidates/java/21.0.6-tem/lib"/>
    <property name="sun.java.command" value="/home/vector/TP3/target/surefire/surefirebooter-20250430040854085_3.jar /home/vector/TP3/target/surefire 2025-04-30T04-08-53_996-jvmRun1 surefire-20250430040854085_1tmp surefire_0-20250430040854085_2tmp"/>
    <property name="jdk.debug" value="release"/>
    <property name="surefire.test.class.path" value="/home/vector/TP3/target/test-classes:/home/vector/TP3/target/classes:/home/vector/.m2/repository/org/junit/jupiter/junit-jupiter-api/5.11.0-M1/junit-jupiter-api-5.11.0-M1.jar:/home/vector/.m2/repository/org/opentest4j/opentest4j/1.3.0/opentest4j-1.3.0.jar:/home/vector/.m2/repository/org/junit/platform/junit-platform-commons/1.11.0-M1/junit-platform-commons-1.11.0-M1.jar:/home/vector/.m2/repository/org/apiguardian/apiguardian-api/1.1.2/apiguardian-api-1.1.2.jar:/home/vector/.m2/repository/org/junit/jupiter/junit-jupiter-engine/5.11.0-M1/junit-jupiter-engine-5.11.0-M1.jar:/home/vector/.m2/repository/org/junit/platform/junit-platform-engine/1.11.0-M1/junit-platform-engine-1.11.0-M1.jar:/home/vector/.m2/repository/org/projectlombok/lombok/1.18.30/lombok-1.18.30.jar:"/>
    <property name="sun.cpu.endian" value="little"/>
    <property name="user.home" value="/home/vector"/>
    <property name="user.language" value="en"/>
    <property name="java.specification.vendor" value="Oracle Corporation"/>
    <property name="java.version.date" value="2025-01-21"/>
    <property name="java.home" value="/home/vector/.sdkman/candidates/java/21.0.6-tem"/>
    <property name="file.separator" value="/"/>
    <property name="basedir" value="/home/vector/TP3"/>
    <property name="java.vm.compressedOopsMode" value="32-bit"/>
    <property name="line.separator" value="&#10;"/>
    <property name="java.specification.name" value="Java Platform API Specification"/>
    <property name="java.vm.specification.vendor" value="Oracle Corporation"/>
    <property name="surefire.real.class.path" value="/home/vector/TP3/target/surefire/surefirebooter-20250430040854085_3.jar"/>
    <property name="sun.management.compiler" value="HotSpot 64-Bit Tiered Compilers"/>
    <property name="java.runtime.version" value="21.0.6+7-LTS"/>
    <property name="user.name" value="vector"/>
    <property name="stdout.encoding" value="UTF-8"/>
    <property name="path.separator" value=":"/>
    <property name="os.version" value="5.15.167.4-microsoft-standard-WSL2"/>
    <property name="java.runtime.name" value="OpenJDK Runtime Environment"/>
    <property name="file.encoding" value="UTF-8"/>
    <property name="java.vm.name" value="OpenJDK 64-Bit Server VM"/>
    <property name="java.vendor.version" value="Temurin-21.0.6+7"/>
    <property name="localRepository" value="/home/vector/.m2/repository"/>
    <property name="java.vendor.url.bug" value="https://github.com/adoptium/adoptium-support/issues"/>
    <property name="java.io.tmpdir" value="/tmp"/>
    <property name="java.version" value="21.0.6"/>
    <property name="user.dir" value="/home/vector/TP3"/>
    <property name="os.arch" value="amd64"/>
    <property name="java.vm.specification.name" value="Java Virtual Machine Specification"/>
    <property name="native.encoding" value="UTF-8"/>
    <property name="java.library.path" value="/usr/java/packages/lib:/usr/lib64:/lib64:/lib:/usr/lib"/>
    <property name="java.vm.info" value="mixed mode, sharing"/>
    <property name="stderr.encoding" value="UTF-8"/>
    <property name="java.vendor" value="Eclipse Adoptium"/>
    <property name="java.vm.version" value="21.0.6+7-LTS"/>
    <property name="sun.io.unicode.encoding" value="UnicodeLittle"/>
    <property name="java.class.version" value="65.0"/>
  </properties>
  <testcase name="setEstado_cambiaEstadoCorrectamente" classname="LibroTest" time="0.002"/>
  <testcase name="crearLibro_atributosCorrectos" classname="LibroTest" time="0.002"/>
</testsuite>